<?xml version="1.0" encoding="UTF-8"?>
<!-- Generated by org.testng.reporters.JUnitXMLReporter -->
<testsuite ignored="0" hostname="KTLPT1386" failures="0" tests="7" name="Default test" time="6.222" errors="0" timestamp="2024-07-11T12:38:46 IST">
  <testcase classname="com.tests.Login" name="Login" time="4.528"/>
  <testcase classname="com.tests.Login" name="Logout" time="0.197"/>
  <testcase classname="com.tests.Login" name="LoginWithOtp" time="0.558"/>
  <testcase classname="com.tests.Login" name="OtpVerification" time="0.226"/>
  <testcase classname="com.tests.Login" name="ResetPassword" time="0.187"/>
  <testcase classname="com.tests.Login" name="CheckResetPassword" time="0.231"/>
  <testcase classname="com.tests.Login" name="UserProfile" time="0.211"/>
</testsuite> <!-- Default test -->
