<?xml version="1.0" encoding="UTF-8"?>
<!-- Generated by org.testng.reporters.JUnitXMLReporter -->
<testsuite ignored="0" hostname="KTLPT1386" failures="0" tests="43" name="Test" time="20.649" errors="0" timestamp="2024-07-11T12:59:24 IST">
  <testcase classname="APITestCase.Login" name="Login" time="5.107"/>
  <testcase classname="APITestCase.Login" name="Logout" time="0.195"/>
  <testcase classname="APITestCase.Login" name="LoginWithOtp" time="0.494"/>
  <testcase classname="APITestCase.Login" name="OtpVerification" time="0.256"/>
  <testcase classname="APITestCase.Login" name="ResetPassword" time="0.25"/>
  <testcase classname="APITestCase.Login" name="CheckResetPassword" time="0.249"/>
  <testcase classname="APITestCase.Login" name="UserProfile" time="0.226"/>
  <testcase classname="APITestCase.ManageUser" name="Login" time="0.285"/>
  <testcase classname="APITestCase.ManageUser" name="AddUser" time="0.615"/>
  <testcase classname="APITestCase.ManageUser" name="ExportUser" time="0.733"/>
  <testcase classname="APITestCase.ManageUser" name="GetBranches" time="0.567"/>
  <testcase classname="APITestCase.ManageUser" name="GetUser" time="0.811"/>
  <testcase classname="APITestCase.ManageUser" name="GetVendorCompany" time="0.186"/>
  <testcase classname="APITestCase.ManageUser" name="ResendPassword" time="0.664"/>
  <testcase classname="APITestCase.ManageUser" name="ResetPassword" time="0.755"/>
  <testcase classname="APITestCase.ManageUser" name="RoleList" time="0.325"/>
  <testcase classname="APITestCase.ManageUser" name="UpdateUser" time="0.225"/>
  <testcase classname="APITestCase.ManageUser" name="UpdateUserStatus" time="0.153"/>
  <testcase classname="APITestCase.ManageUser" name="UploadUserProfileImage" time="0.384"/>
  <testcase classname="APITestCase.ManageUser" name="UsersCount" time="0.654"/>
  <testcase classname="APITestCase.ManageLead" name="Login" time="0.175"/>
  <testcase classname="APITestCase.ManageLead" name="AddLead" time="0.237"/>
  <testcase classname="APITestCase.ManageLead" name="AddLeadActivity" time="0.215"/>
  <testcase classname="APITestCase.ManageLead" name="AddTaskForLead" time="0.186"/>
  <testcase classname="APITestCase.ManageLead" name="CheckLeadNumbers" time="0.155"/>
  <testcase classname="APITestCase.ManageLead" name="DeleteAttachment" time="0.138"/>
  <testcase classname="APITestCase.ManageLead" name="ExportLeads" time="1.681"/>
  <testcase classname="APITestCase.ManageLead" name="GetCity" time="0.128"/>
  <testcase classname="APITestCase.ManageLead" name="GetLeadActivity" time="0.102"/>
  <testcase classname="APITestCase.ManageLead" name="GetLeadDetails" time="0.135"/>
  <testcase classname="APITestCase.ManageLead" name="GetLeadHistory" time="0.138"/>
  <testcase classname="APITestCase.ManageLead" name="GetLeadStage" time="0.17"/>
  <testcase classname="APITestCase.ManageLead" name="GetLeadTask" time="0.199"/>
  <testcase classname="APITestCase.ManageLead" name="GetLeads" time="1.87"/>
  <testcase classname="APITestCase.ManageLead" name="GetRequirement" time="0.138"/>
  <testcase classname="APITestCase.ManageLead" name="GetStates" time="0.166"/>
  <testcase classname="APITestCase.ManageLead" name="GetTaskByLeadId" time="0.142"/>
  <testcase classname="APITestCase.ManageLead" name="MarkLeadAsStar" time="0.156"/>
  <testcase classname="APITestCase.ManageLead" name="MarkTaskAsCompleted" time="0.163"/>
  <testcase classname="APITestCase.ManageLead" name="RescheduleTask" time="0.228"/>
  <testcase classname="APITestCase.ManageLead" name="UpdateLead" time="0.22"/>
  <testcase classname="APITestCase.ManageLead" name="UpdateLeadStage" time="0.193"/>
  <testcase classname="APITestCase.ManageLead" name="UploadLeadAttachment" time="0.377"/>
</testsuite> <!-- Test -->
