<?xml version="1.0" encoding="UTF-8"?>
<!-- Generated by org.testng.reporters.JUnitXMLReporter -->
<testsuite ignored="0" hostname="KTLPT1386" failures="0" tests="43" name="Test" time="21.891" errors="0" timestamp="2024-07-11T13:07:26 IST">
  <testcase classname="APITestCase.Login" name="Login" time="3.944"/>
  <testcase classname="APITestCase.Login" name="Logout" time="0.189"/>
  <testcase classname="APITestCase.Login" name="LoginWithOtp" time="0.522"/>
  <testcase classname="APITestCase.Login" name="OtpVerification" time="0.318"/>
  <testcase classname="APITestCase.Login" name="ResetPassword" time="0.198"/>
  <testcase classname="APITestCase.Login" name="CheckResetPassword" time="0.197"/>
  <testcase classname="APITestCase.Login" name="UserProfile" time="0.245"/>
  <testcase classname="APITestCase.ManageUser" name="Login" time="0.265"/>
  <testcase classname="APITestCase.ManageUser" name="AddUser" time="0.423"/>
  <testcase classname="APITestCase.ManageUser" name="ExportUser" time="0.653"/>
  <testcase classname="APITestCase.ManageUser" name="GetBranches" time="0.299"/>
  <testcase classname="APITestCase.ManageUser" name="GetUser" time="0.844"/>
  <testcase classname="APITestCase.ManageUser" name="GetVendorCompany" time="0.194"/>
  <testcase classname="APITestCase.ManageUser" name="ResendPassword" time="0.515"/>
  <testcase classname="APITestCase.ManageUser" name="ResetPassword" time="0.244"/>
  <testcase classname="APITestCase.ManageUser" name="RoleList" time="0.343"/>
  <testcase classname="APITestCase.ManageUser" name="UpdateUser" time="0.257"/>
  <testcase classname="APITestCase.ManageUser" name="UpdateUserStatus" time="0.232"/>
  <testcase classname="APITestCase.ManageUser" name="UploadUserProfileImage" time="0.4"/>
  <testcase classname="APITestCase.ManageUser" name="UsersCount" time="0.87"/>
  <testcase classname="APITestCase.ManageLead" name="Login" time="0.176"/>
  <testcase classname="APITestCase.ManageLead" name="AddLead" time="0.293"/>
  <testcase classname="APITestCase.ManageLead" name="AddLeadActivity" time="0.213"/>
  <testcase classname="APITestCase.ManageLead" name="AddTaskForLead" time="0.414"/>
  <testcase classname="APITestCase.ManageLead" name="CheckLeadNumbers" time="0.177"/>
  <testcase classname="APITestCase.ManageLead" name="DeleteAttachment" time="0.159"/>
  <testcase classname="APITestCase.ManageLead" name="ExportLeads" time="1.623"/>
  <testcase classname="APITestCase.ManageLead" name="GetCity" time="0.159"/>
  <testcase classname="APITestCase.ManageLead" name="GetLeadActivity" time="1.15"/>
  <testcase classname="APITestCase.ManageLead" name="GetLeadDetails" time="0.154"/>
  <testcase classname="APITestCase.ManageLead" name="GetLeadHistory" time="0.142"/>
  <testcase classname="APITestCase.ManageLead" name="GetLeadStage" time="0.133"/>
  <testcase classname="APITestCase.ManageLead" name="GetLeadTask" time="0.201"/>
  <testcase classname="APITestCase.ManageLead" name="GetLeads" time="1.722"/>
  <testcase classname="APITestCase.ManageLead" name="GetRequirement" time="0.114"/>
  <testcase classname="APITestCase.ManageLead" name="GetStates" time="0.121"/>
  <testcase classname="APITestCase.ManageLead" name="GetTaskByLeadId" time="0.171"/>
  <testcase classname="APITestCase.ManageLead" name="MarkLeadAsStar" time="0.157"/>
  <testcase classname="APITestCase.ManageLead" name="MarkTaskAsCompleted" time="1.236"/>
  <testcase classname="APITestCase.ManageLead" name="RescheduleTask" time="0.196"/>
  <testcase classname="APITestCase.ManageLead" name="UpdateLead" time="0.254"/>
  <testcase classname="APITestCase.ManageLead" name="UpdateLeadStage" time="1.202"/>
  <testcase classname="APITestCase.ManageLead" name="UploadLeadAttachment" time="0.399"/>
</testsuite> <!-- Test -->
