<?xml version="1.0" encoding="UTF-8"?>
<testng-results ignored="0" total="43" passed="43" failed="0" skipped="0">
  <reporter-output>
  </reporter-output>
  <suite started-at="2024-07-11T12:59:04 IST" name="Suite" finished-at="2024-07-11T12:59:24 IST" duration-ms="20649">
    <groups>
    </groups>
    <test started-at="2024-07-11T12:59:04 IST" name="Test" finished-at="2024-07-11T12:59:24 IST" duration-ms="20649">
      <class name="APITestCase.ManageUser">
        <test-method signature="Login()[pri:0, instance:APITestCase.ManageUser@62ce72ff]" started-at="2024-07-11T12:59:10 IST" name="Login" finished-at="2024-07-11T12:59:11 IST" duration-ms="285" status="PASS">
          <reporter-output>
          </reporter-output>
        </test-method> <!-- Login -->
        <test-method signature="AddUser()[pri:0, instance:APITestCase.ManageUser@62ce72ff]" started-at="2024-07-11T12:59:11 IST" name="AddUser" finished-at="2024-07-11T12:59:11 IST" depends-on-methods="APITestCase.ManageUser.Login" duration-ms="615" status="PASS">
          <reporter-output>
          </reporter-output>
        </test-method> <!-- AddUser -->
        <test-method signature="ExportUser()[pri:0, instance:APITestCase.ManageUser@62ce72ff]" started-at="2024-07-11T12:59:11 IST" name="ExportUser" finished-at="2024-07-11T12:59:12 IST" depends-on-methods="APITestCase.ManageUser.Login" duration-ms="733" status="PASS">
          <reporter-output>
          </reporter-output>
        </test-method> <!-- ExportUser -->
        <test-method signature="GetBranches()[pri:0, instance:APITestCase.ManageUser@62ce72ff]" started-at="2024-07-11T12:59:12 IST" name="GetBranches" finished-at="2024-07-11T12:59:13 IST" depends-on-methods="APITestCase.ManageUser.Login" duration-ms="567" status="PASS">
          <reporter-output>
          </reporter-output>
        </test-method> <!-- GetBranches -->
        <test-method signature="GetUser()[pri:0, instance:APITestCase.ManageUser@62ce72ff]" started-at="2024-07-11T12:59:13 IST" name="GetUser" finished-at="2024-07-11T12:59:13 IST" depends-on-methods="APITestCase.ManageUser.AddUser" duration-ms="811" status="PASS">
          <reporter-output>
          </reporter-output>
        </test-method> <!-- GetUser -->
        <test-method signature="GetVendorCompany()[pri:0, instance:APITestCase.ManageUser@62ce72ff]" started-at="2024-07-11T12:59:13 IST" name="GetVendorCompany" finished-at="2024-07-11T12:59:14 IST" depends-on-methods="APITestCase.ManageUser.Login" duration-ms="186" status="PASS">
          <reporter-output>
          </reporter-output>
        </test-method> <!-- GetVendorCompany -->
        <test-method signature="ResendPassword()[pri:0, instance:APITestCase.ManageUser@62ce72ff]" started-at="2024-07-11T12:59:14 IST" name="ResendPassword" finished-at="2024-07-11T12:59:14 IST" depends-on-methods="APITestCase.ManageUser.Login" duration-ms="664" status="PASS">
          <reporter-output>
          </reporter-output>
        </test-method> <!-- ResendPassword -->
        <test-method signature="ResetPassword()[pri:0, instance:APITestCase.ManageUser@62ce72ff]" started-at="2024-07-11T12:59:14 IST" name="ResetPassword" finished-at="2024-07-11T12:59:15 IST" depends-on-methods="APITestCase.ManageUser.Login" duration-ms="755" status="PASS">
          <reporter-output>
          </reporter-output>
        </test-method> <!-- ResetPassword -->
        <test-method signature="RoleList()[pri:0, instance:APITestCase.ManageUser@62ce72ff]" started-at="2024-07-11T12:59:15 IST" name="RoleList" finished-at="2024-07-11T12:59:15 IST" depends-on-methods="APITestCase.ManageUser.Login" duration-ms="325" status="PASS">
          <reporter-output>
          </reporter-output>
        </test-method> <!-- RoleList -->
        <test-method signature="UpdateUser()[pri:0, instance:APITestCase.ManageUser@62ce72ff]" started-at="2024-07-11T12:59:15 IST" name="UpdateUser" finished-at="2024-07-11T12:59:16 IST" depends-on-methods="APITestCase.ManageUser.Login" duration-ms="225" status="PASS">
          <reporter-output>
          </reporter-output>
        </test-method> <!-- UpdateUser -->
        <test-method signature="UpdateUserStatus()[pri:0, instance:APITestCase.ManageUser@62ce72ff]" started-at="2024-07-11T12:59:16 IST" name="UpdateUserStatus" finished-at="2024-07-11T12:59:16 IST" depends-on-methods="APITestCase.ManageUser.Login" duration-ms="153" status="PASS">
          <reporter-output>
          </reporter-output>
        </test-method> <!-- UpdateUserStatus -->
        <test-method signature="UploadUserProfileImage()[pri:0, instance:APITestCase.ManageUser@62ce72ff]" started-at="2024-07-11T12:59:16 IST" name="UploadUserProfileImage" finished-at="2024-07-11T12:59:16 IST" duration-ms="384" status="PASS">
          <reporter-output>
          </reporter-output>
        </test-method> <!-- UploadUserProfileImage -->
        <test-method signature="UsersCount()[pri:0, instance:APITestCase.ManageUser@62ce72ff]" started-at="2024-07-11T12:59:16 IST" name="UsersCount" finished-at="2024-07-11T12:59:17 IST" depends-on-methods="APITestCase.ManageUser.Login" duration-ms="654" status="PASS">
          <reporter-output>
          </reporter-output>
        </test-method> <!-- UsersCount -->
      </class> <!-- APITestCase.ManageUser -->
      <class name="APITestCase.Login">
        <test-method signature="Login()[pri:0, instance:APITestCase.Login@131ef10]" started-at="2024-07-11T12:59:04 IST" name="Login" finished-at="2024-07-11T12:59:09 IST" duration-ms="5107" status="PASS">
          <reporter-output>
          </reporter-output>
        </test-method> <!-- Login -->
        <test-method signature="Logout()[pri:0, instance:APITestCase.Login@131ef10]" started-at="2024-07-11T12:59:09 IST" name="Logout" finished-at="2024-07-11T12:59:09 IST" duration-ms="195" status="PASS">
          <reporter-output>
          </reporter-output>
        </test-method> <!-- Logout -->
        <test-method signature="LoginWithOtp()[pri:1, instance:APITestCase.Login@131ef10]" started-at="2024-07-11T12:59:09 IST" name="LoginWithOtp" finished-at="2024-07-11T12:59:09 IST" duration-ms="494" status="PASS">
          <reporter-output>
          </reporter-output>
        </test-method> <!-- LoginWithOtp -->
        <test-method signature="OtpVerification()[pri:2, instance:APITestCase.Login@131ef10]" started-at="2024-07-11T12:59:09 IST" name="OtpVerification" finished-at="2024-07-11T12:59:10 IST" duration-ms="256" status="PASS">
          <reporter-output>
          </reporter-output>
        </test-method> <!-- OtpVerification -->
        <test-method signature="ResetPassword()[pri:3, instance:APITestCase.Login@131ef10]" started-at="2024-07-11T12:59:10 IST" name="ResetPassword" finished-at="2024-07-11T12:59:10 IST" duration-ms="250" status="PASS">
          <reporter-output>
          </reporter-output>
        </test-method> <!-- ResetPassword -->
        <test-method signature="CheckResetPassword()[pri:0, instance:APITestCase.Login@131ef10]" started-at="2024-07-11T12:59:10 IST" name="CheckResetPassword" finished-at="2024-07-11T12:59:10 IST" depends-on-methods="APITestCase.Login.ResetPassword" duration-ms="249" status="PASS">
          <reporter-output>
          </reporter-output>
        </test-method> <!-- CheckResetPassword -->
        <test-method signature="UserProfile()[pri:4, instance:APITestCase.Login@131ef10]" started-at="2024-07-11T12:59:10 IST" name="UserProfile" finished-at="2024-07-11T12:59:10 IST" depends-on-methods="APITestCase.Login.Login" duration-ms="226" status="PASS">
          <reporter-output>
          </reporter-output>
        </test-method> <!-- UserProfile -->
      </class> <!-- APITestCase.Login -->
      <class name="APITestCase.ManageLead">
        <test-method signature="Login()[pri:0, instance:APITestCase.ManageLead@418f0534]" started-at="2024-07-11T12:59:17 IST" name="Login" finished-at="2024-07-11T12:59:17 IST" duration-ms="175" status="PASS">
          <reporter-output>
          </reporter-output>
        </test-method> <!-- Login -->
        <test-method signature="AddLead()[pri:0, instance:APITestCase.ManageLead@418f0534]" started-at="2024-07-11T12:59:17 IST" name="AddLead" finished-at="2024-07-11T12:59:17 IST" depends-on-methods="APITestCase.ManageLead.Login" duration-ms="237" status="PASS">
          <reporter-output>
          </reporter-output>
        </test-method> <!-- AddLead -->
        <test-method signature="AddLeadActivity()[pri:0, instance:APITestCase.ManageLead@418f0534]" started-at="2024-07-11T12:59:17 IST" name="AddLeadActivity" finished-at="2024-07-11T12:59:17 IST" depends-on-methods="APITestCase.ManageLead.Login" duration-ms="215" status="PASS">
          <reporter-output>
          </reporter-output>
        </test-method> <!-- AddLeadActivity -->
        <test-method signature="AddTaskForLead()[pri:0, instance:APITestCase.ManageLead@418f0534]" started-at="2024-07-11T12:59:17 IST" name="AddTaskForLead" finished-at="2024-07-11T12:59:18 IST" depends-on-methods="APITestCase.ManageLead.Login" duration-ms="186" status="PASS">
          <reporter-output>
          </reporter-output>
        </test-method> <!-- AddTaskForLead -->
        <test-method signature="CheckLeadNumbers()[pri:0, instance:APITestCase.ManageLead@418f0534]" started-at="2024-07-11T12:59:18 IST" name="CheckLeadNumbers" finished-at="2024-07-11T12:59:18 IST" depends-on-methods="APITestCase.ManageLead.Login" duration-ms="155" status="PASS">
          <reporter-output>
          </reporter-output>
        </test-method> <!-- CheckLeadNumbers -->
        <test-method signature="DeleteAttachment()[pri:0, instance:APITestCase.ManageLead@418f0534]" started-at="2024-07-11T12:59:18 IST" name="DeleteAttachment" finished-at="2024-07-11T12:59:18 IST" depends-on-methods="APITestCase.ManageLead.Login" duration-ms="138" status="PASS">
          <reporter-output>
          </reporter-output>
        </test-method> <!-- DeleteAttachment -->
        <test-method signature="ExportLeads()[pri:0, instance:APITestCase.ManageLead@418f0534]" started-at="2024-07-11T12:59:18 IST" name="ExportLeads" finished-at="2024-07-11T12:59:20 IST" depends-on-methods="APITestCase.ManageLead.Login" duration-ms="1681" status="PASS">
          <reporter-output>
          </reporter-output>
        </test-method> <!-- ExportLeads -->
        <test-method signature="GetCity()[pri:0, instance:APITestCase.ManageLead@418f0534]" started-at="2024-07-11T12:59:20 IST" name="GetCity" finished-at="2024-07-11T12:59:20 IST" depends-on-methods="APITestCase.ManageLead.Login" duration-ms="128" status="PASS">
          <reporter-output>
          </reporter-output>
        </test-method> <!-- GetCity -->
        <test-method signature="GetLeadActivity()[pri:0, instance:APITestCase.ManageLead@418f0534]" started-at="2024-07-11T12:59:20 IST" name="GetLeadActivity" finished-at="2024-07-11T12:59:20 IST" depends-on-methods="APITestCase.ManageLead.Login" duration-ms="102" status="PASS">
          <reporter-output>
          </reporter-output>
        </test-method> <!-- GetLeadActivity -->
        <test-method signature="GetLeadDetails()[pri:0, instance:APITestCase.ManageLead@418f0534]" started-at="2024-07-11T12:59:20 IST" name="GetLeadDetails" finished-at="2024-07-11T12:59:20 IST" depends-on-methods="APITestCase.ManageLead.Login" duration-ms="135" status="PASS">
          <reporter-output>
          </reporter-output>
        </test-method> <!-- GetLeadDetails -->
        <test-method signature="GetLeadHistory()[pri:0, instance:APITestCase.ManageLead@418f0534]" started-at="2024-07-11T12:59:20 IST" name="GetLeadHistory" finished-at="2024-07-11T12:59:20 IST" depends-on-methods="APITestCase.ManageLead.Login" duration-ms="138" status="PASS">
          <reporter-output>
          </reporter-output>
        </test-method> <!-- GetLeadHistory -->
        <test-method signature="GetLeadStage()[pri:0, instance:APITestCase.ManageLead@418f0534]" started-at="2024-07-11T12:59:20 IST" name="GetLeadStage" finished-at="2024-07-11T12:59:20 IST" depends-on-methods="APITestCase.ManageLead.Login" duration-ms="170" status="PASS">
          <reporter-output>
          </reporter-output>
        </test-method> <!-- GetLeadStage -->
        <test-method signature="GetLeadTask()[pri:0, instance:APITestCase.ManageLead@418f0534]" started-at="2024-07-11T12:59:20 IST" name="GetLeadTask" finished-at="2024-07-11T12:59:21 IST" depends-on-methods="APITestCase.ManageLead.Login" duration-ms="199" status="PASS">
          <reporter-output>
          </reporter-output>
        </test-method> <!-- GetLeadTask -->
        <test-method signature="GetLeads()[pri:0, instance:APITestCase.ManageLead@418f0534]" started-at="2024-07-11T12:59:21 IST" name="GetLeads" finished-at="2024-07-11T12:59:22 IST" depends-on-methods="APITestCase.ManageLead.Login" duration-ms="1870" status="PASS">
          <reporter-output>
          </reporter-output>
        </test-method> <!-- GetLeads -->
        <test-method signature="GetRequirement()[pri:0, instance:APITestCase.ManageLead@418f0534]" started-at="2024-07-11T12:59:22 IST" name="GetRequirement" finished-at="2024-07-11T12:59:23 IST" depends-on-methods="APITestCase.ManageLead.Login" duration-ms="138" status="PASS">
          <reporter-output>
          </reporter-output>
        </test-method> <!-- GetRequirement -->
        <test-method signature="GetStates()[pri:0, instance:APITestCase.ManageLead@418f0534]" started-at="2024-07-11T12:59:23 IST" name="GetStates" finished-at="2024-07-11T12:59:23 IST" depends-on-methods="APITestCase.ManageLead.Login" duration-ms="166" status="PASS">
          <reporter-output>
          </reporter-output>
        </test-method> <!-- GetStates -->
        <test-method signature="GetTaskByLeadId()[pri:0, instance:APITestCase.ManageLead@418f0534]" started-at="2024-07-11T12:59:23 IST" name="GetTaskByLeadId" finished-at="2024-07-11T12:59:23 IST" depends-on-methods="APITestCase.ManageLead.Login" duration-ms="142" status="PASS">
          <reporter-output>
          </reporter-output>
        </test-method> <!-- GetTaskByLeadId -->
        <test-method signature="MarkLeadAsStar()[pri:0, instance:APITestCase.ManageLead@418f0534]" started-at="2024-07-11T12:59:23 IST" name="MarkLeadAsStar" finished-at="2024-07-11T12:59:23 IST" depends-on-methods="APITestCase.ManageLead.Login" duration-ms="156" status="PASS">
          <reporter-output>
          </reporter-output>
        </test-method> <!-- MarkLeadAsStar -->
        <test-method signature="MarkTaskAsCompleted()[pri:0, instance:APITestCase.ManageLead@418f0534]" started-at="2024-07-11T12:59:23 IST" name="MarkTaskAsCompleted" finished-at="2024-07-11T12:59:23 IST" depends-on-methods="APITestCase.ManageLead.Login" duration-ms="163" status="PASS">
          <reporter-output>
          </reporter-output>
        </test-method> <!-- MarkTaskAsCompleted -->
        <test-method signature="RescheduleTask()[pri:0, instance:APITestCase.ManageLead@418f0534]" started-at="2024-07-11T12:59:23 IST" name="RescheduleTask" finished-at="2024-07-11T12:59:23 IST" depends-on-methods="APITestCase.ManageLead.Login" duration-ms="228" status="PASS">
          <reporter-output>
          </reporter-output>
        </test-method> <!-- RescheduleTask -->
        <test-method signature="UpdateLead()[pri:0, instance:APITestCase.ManageLead@418f0534]" started-at="2024-07-11T12:59:23 IST" name="UpdateLead" finished-at="2024-07-11T12:59:24 IST" depends-on-methods="APITestCase.ManageLead.Login" duration-ms="220" status="PASS">
          <reporter-output>
          </reporter-output>
        </test-method> <!-- UpdateLead -->
        <test-method signature="UpdateLeadStage()[pri:0, instance:APITestCase.ManageLead@418f0534]" started-at="2024-07-11T12:59:24 IST" name="UpdateLeadStage" finished-at="2024-07-11T12:59:24 IST" depends-on-methods="APITestCase.ManageLead.Login" duration-ms="193" status="PASS">
          <reporter-output>
          </reporter-output>
        </test-method> <!-- UpdateLeadStage -->
        <test-method signature="UploadLeadAttachment()[pri:0, instance:APITestCase.ManageLead@418f0534]" started-at="2024-07-11T12:59:24 IST" name="UploadLeadAttachment" finished-at="2024-07-11T12:59:24 IST" depends-on-methods="APITestCase.ManageLead.Login" duration-ms="377" status="PASS">
          <reporter-output>
          </reporter-output>
        </test-method> <!-- UploadLeadAttachment -->
      </class> <!-- APITestCase.ManageLead -->
    </test> <!-- Test -->
  </suite> <!-- Suite -->
</testng-results>
